<?xml version="1.0" encoding="UTF-8"?>
<!-- Generated by org.testng.reporters.JUnitReportReporter -->
<testsuite hostname="Rajashri" failures="0" tests="6" name="testNgAnnotations.InvocationCountUse" time="0.019" errors="0" timestamp="2023-06-17T13:28:19 IST" skipped="0">
  <testcase classname="testNgAnnotations.InvocationCountUse" name="moviebooking" time="0.002">
    <system-out>
      <![CDATA[moviebooking is successfully done]]>
    </system-out>
  </testcase> <!-- moviebooking -->
  <testcase classname="testNgAnnotations.InvocationCountUse" name="moviebooking" time="0.001">
    <system-out>
      <![CDATA[moviebooking is successfully done]]>
    </system-out>
  </testcase> <!-- moviebooking -->
  <testcase classname="testNgAnnotations.InvocationCountUse" name="moviebooking" time="0.001">
    <system-out>
      <![CDATA[moviebooking is successfully done]]>
    </system-out>
  </testcase> <!-- moviebooking -->
  <testcase classname="testNgAnnotations.InvocationCountUse" name="moviebooking" time="0.012">
    <system-out>
      <![CDATA[moviebooking is successfully done]]>
    </system-out>
  </testcase> <!-- moviebooking -->
  <testcase classname="testNgAnnotations.InvocationCountUse" name="moviebooking" time="0.001">
    <system-out>
      <![CDATA[moviebooking is successfully done]]>
    </system-out>
  </testcase> <!-- moviebooking -->
  <testcase classname="testNgAnnotations.InvocationCountUse" name="moviebooking" time="0.002">
    <system-out>
      <![CDATA[moviebooking is successfully done]]>
    </system-out>
  </testcase> <!-- moviebooking -->
  <system-out>
    <![CDATA[moviebooking is successfully done
moviebooking is successfully done
moviebooking is successfully done
moviebooking is successfully done
moviebooking is successfully done
moviebooking is successfully done]]>
  </system-out>
</testsuite> <!-- testNgAnnotations.InvocationCountUse -->
