<?xml version="1.0" encoding="UTF-8"?>
<!-- Generated by org.testng.reporters.JUnitReportReporter -->
<testsuite hostname="Rajashri" failures="0" tests="2" name="dataProviderUse.CreateFbAccount" time="14.347" errors="0" timestamp="2023-07-04T15:30:31 IST" skipped="0">
  <testcase classname="dataProviderUse.CreateFbAccount" name="fbAcc" time="8.207"/>
  <testcase classname="dataProviderUse.CreateFbAccount" name="fbAcc" time="6.140"/>
</testsuite> <!-- dataProviderUse.CreateFbAccount -->
