<?xml version="1.0" encoding="UTF-8"?>
<!-- Generated by org.testng.reporters.JUnitReportReporter -->
<testsuite hostname="Rajashri" failures="0" tests="4" name="testNgXMLformat.Testing2" time="0.027" errors="0" timestamp="2023-06-20T16:45:33 IST" skipped="0">
  <testcase classname="testNgXMLformat.Testing2" name="e" time="0.017">
    <system-out>
      <![CDATA[e is runnig]]>
    </system-out>
  </testcase> <!-- e -->
  <testcase classname="testNgXMLformat.Testing2" name="g" time="0.003">
    <system-out>
      <![CDATA[g is runnig]]>
    </system-out>
  </testcase> <!-- g -->
  <testcase classname="testNgXMLformat.Testing2" name="f" time="0.003">
    <system-out>
      <![CDATA[f is runnig]]>
    </system-out>
  </testcase> <!-- f -->
  <testcase classname="testNgXMLformat.Testing2" name="h" time="0.004">
    <system-out>
      <![CDATA[h is runnig]]>
    </system-out>
  </testcase> <!-- h -->
  <system-out>
    <![CDATA[e is runnig
f is runnig
g is runnig
h is runnig
a is runnig
b is runnig
c is runnig
d is runnig]]>
  </system-out>
</testsuite> <!-- testNgXMLformat.Testing2 -->
