<?xml version="1.0" encoding="UTF-8"?>
<!-- Generated by org.testng.reporters.JUnitReportReporter -->
<testsuite hostname="Rajashri" failures="0" tests="2" name="dataProvidersUse.CreateFBAccount" time="10.551" errors="0" timestamp="2023-07-04T20:14:25 IST" skipped="0">
  <testcase classname="dataProvidersUse.CreateFBAccount" name="fbAcc" time="3.711"/>
  <testcase classname="dataProvidersUse.CreateFBAccount" name="fbAcc" time="6.840"/>
</testsuite> <!-- dataProvidersUse.CreateFBAccount -->
