<?xml version="1.0" encoding="UTF-8"?>
<!-- Generated by org.testng.reporters.JUnitReportReporter -->
<testsuite hostname="Rajashri" failures="0" tests="2" name="testNgXMLformat.MethodsStudy1" time="0.002" errors="0" timestamp="2023-06-22T15:34:07 IST" skipped="0">
  <testcase classname="testNgXMLformat.MethodsStudy1" name="test3" time="0.001">
    <system-out>
      <![CDATA[test3 is runnig...]]>
    </system-out>
  </testcase> <!-- test3 -->
  <testcase classname="testNgXMLformat.MethodsStudy1" name="test1" time="0.001">
    <system-out>
      <![CDATA[test1 is runnig...]]>
    </system-out>
  </testcase> <!-- test1 -->
  <system-out>
    <![CDATA[test6 is runnig...
test9 is runnig...
test1 is runnig...
test3 is runnig...]]>
  </system-out>
</testsuite> <!-- testNgXMLformat.MethodsStudy1 -->
