<?xml version="1.0" encoding="UTF-8"?>
<!-- Generated by org.testng.reporters.JUnitReportReporter -->
<testsuite hostname="Rajashri" failures="0" tests="1" name="pompolicyUsingtestNGusingExcel.ValidatePolicyUserName" time="9.974" errors="0" timestamp="2023-07-04T15:22:20 IST" skipped="0">
  <testcase classname="pompolicyUsingtestNGusingExcel.ValidatePolicyUserName" name="verifyUserName" time="9.974"/>
</testsuite> <!-- pompolicyUsingtestNGusingExcel.ValidatePolicyUserName -->
