<?xml version="1.0" encoding="UTF-8"?>
<!-- Generated by org.testng.reporters.JUnitReportReporter -->
<testsuite hostname="Rajashri" failures="0" tests="4" name="testNgXMLformat.GroupStudy1" time="0.019" errors="0" timestamp="2023-06-22T16:05:01 IST" skipped="0">
  <testcase classname="testNgXMLformat.GroupStudy1" name="myTest3" time="0.002">
    <system-out>
      <![CDATA[myTest3 is running...]]>
    </system-out>
  </testcase> <!-- myTest3 -->
  <testcase classname="testNgXMLformat.GroupStudy1" name="myTest1" time="0.013">
    <system-out>
      <![CDATA[myTest1 is running...]]>
    </system-out>
  </testcase> <!-- myTest1 -->
  <testcase classname="testNgXMLformat.GroupStudy1" name="myTest5" time="0.002">
    <system-out>
      <![CDATA[myTest5 is running...]]>
    </system-out>
  </testcase> <!-- myTest5 -->
  <testcase classname="testNgXMLformat.GroupStudy1" name="myTest4" time="0.002">
    <system-out>
      <![CDATA[myTest4 is running...]]>
    </system-out>
  </testcase> <!-- myTest4 -->
  <system-out>
    <![CDATA[myTest1 is running...
myTest3 is running...
myTest4 is running...
myTest5 is running...
myTest 10 is runnig..
myTest 12 is runnig..
myTest 8 is runnig..]]>
  </system-out>
</testsuite> <!-- testNgXMLformat.GroupStudy1 -->
