<?xml version="1.0" encoding="UTF-8"?>
<!-- Generated by org.testng.reporters.JUnitReportReporter -->
<testsuite hostname="Rajashri" failures="0" tests="1" name="pomPolicyUsingTestNG.ValidatePolicyUserName" time="9.332" errors="0" timestamp="2023-07-05T20:56:28 IST" skipped="0">
  <testcase classname="pomPolicyUsingTestNG.ValidatePolicyUserName" name="validateUserName" time="9.332">
    <system-out>
      <![CDATA[UserName is Rajashri Kadam]]>
    </system-out>
  </testcase> <!-- validateUserName -->
  <system-out>
    <![CDATA[UserName is Rajashri Kadam]]>
  </system-out>
</testsuite> <!-- pomPolicyUsingTestNG.ValidatePolicyUserName -->
