<?xml version="1.0" encoding="UTF-8"?>
<!-- Generated by org.testng.reporters.JUnitReportReporter -->
<testsuite hostname="Rajashri" failures="0" tests="4" name="testNgAnnotations.EnabledUse" time="0.010" errors="0" timestamp="2023-06-17T13:54:10 IST" skipped="1">
  <testcase classname="testNgAnnotations.EnabledUse" name="b" time="0.001">
    <system-out>
      <![CDATA[Method b is running]]>
    </system-out>
  </testcase> <!-- b -->
  <testcase classname="testNgAnnotations.EnabledUse" name="c" time="0.001">
    <system-out>
      <![CDATA[Method c is running]]>
    </system-out>
  </testcase> <!-- c -->
  <testcase classname="testNgAnnotations.EnabledUse" name="a" time="0.008">
    <system-out>
      <![CDATA[Method a is running]]>
    </system-out>
  </testcase> <!-- a -->
  <testcase classname="testNgAnnotations.EnabledUse" name="d">
    <skipped/>
  </testcase> <!-- d -->
  <system-out>
    <![CDATA[Method a is running
Method b is running
Method c is running]]>
  </system-out>
</testsuite> <!-- testNgAnnotations.EnabledUse -->
