<?xml version="1.0" encoding="UTF-8"?>
<!-- Generated by org.testng.reporters.JUnitReportReporter -->
<testsuite hostname="Rajashri" failures="0" tests="1" name="TestNG.NewTestedge" time="9.789" errors="0" timestamp="2023-06-19T14:28:50 IST" skipped="0">
  <testcase classname="TestNG.NewTestedge" name="f" time="9.789"/>
</testsuite> <!-- TestNG.NewTestedge -->
