<?xml version="1.0" encoding="UTF-8"?>
<!-- Generated by org.testng.reporters.JUnitReportReporter -->
<testsuite hostname="Rajashri" failures="0" tests="3" name="testNgXMLformat.GroupStudy2" time="0.005" errors="0" timestamp="2023-06-22T16:05:01 IST" skipped="0">
  <testcase classname="testNgXMLformat.GroupStudy2" name="myTest10" time="0.001">
    <system-out>
      <![CDATA[myTest 10 is runnig..]]>
    </system-out>
  </testcase> <!-- myTest10 -->
  <testcase classname="testNgXMLformat.GroupStudy2" name="myTest8" time="0.003">
    <system-out>
      <![CDATA[myTest 8 is runnig..]]>
    </system-out>
  </testcase> <!-- myTest8 -->
  <testcase classname="testNgXMLformat.GroupStudy2" name="myTest12" time="0.001">
    <system-out>
      <![CDATA[myTest 12 is runnig..]]>
    </system-out>
  </testcase> <!-- myTest12 -->
  <system-out>
    <![CDATA[myTest1 is running...
myTest3 is running...
myTest4 is running...
myTest5 is running...
myTest 10 is runnig..
myTest 12 is runnig..
myTest 8 is runnig..]]>
  </system-out>
</testsuite> <!-- testNgXMLformat.GroupStudy2 -->
