<?xml version="1.0" encoding="UTF-8"?>
<!-- Generated by org.testng.reporters.JUnitReportReporter -->
<testsuite hostname="Rajashri" failures="0" tests="2" name="TestNG.Study" time="0.010" errors="0" timestamp="2023-06-17T13:27:24 IST" skipped="0">
  <testcase classname="TestNG.Study" name="logInWithMobileNum" time="0.007"/>
  <testcase classname="TestNG.Study" name="validateMobileNum" time="0.003"/>
</testsuite> <!-- TestNG.Study -->
