<?xml version="1.0" encoding="UTF-8"?>
<!-- Generated by org.testng.reporters.JUnitReportReporter -->
<testsuite hostname="Rajashri" failures="0" tests="1" name="serially_pararallyTestNG.OpenTwitter" time="20.749" errors="0" timestamp="2023-06-24T16:35:54 IST" skipped="0">
  <testcase classname="serially_pararallyTestNG.OpenTwitter" name="twitter" time="20.749"/>
</testsuite> <!-- serially_pararallyTestNG.OpenTwitter -->
