<?xml version="1.0" encoding="UTF-8"?>
<!-- Generated by org.testng.reporters.JUnitReportReporter -->
<testsuite hostname="Rajashri" failures="0" tests="2" name="testNgAnnotations.DpendsOn" time="0.009" errors="0" timestamp="2023-06-17T16:48:16 IST" skipped="0">
  <testcase classname="testNgAnnotations.DpendsOn" name="logIn" time="0.002">
    <system-out>
      <![CDATA[Login is Successfully....]]>
    </system-out>
  </testcase> <!-- logIn -->
  <testcase classname="testNgAnnotations.DpendsOn" name="enterPassword" time="0.007">
    <system-out>
      <![CDATA[enter Password]]>
    </system-out>
  </testcase> <!-- enterPassword -->
  <system-out>
    <![CDATA[enter Password
Login is Successfully....]]>
  </system-out>
</testsuite> <!-- testNgAnnotations.DpendsOn -->
