<?xml version="1.0" encoding="UTF-8"?>
<!-- Generated by org.testng.reporters.JUnitReportReporter -->
<testsuite hostname="Rajashri" failures="0" tests="1" name="serially_pararallyTestNG.OpenFb" time="2.859" errors="0" timestamp="2023-06-24T16:36:15 IST" skipped="0">
  <testcase classname="serially_pararallyTestNG.OpenFb" name="fb" time="2.859"/>
</testsuite> <!-- serially_pararallyTestNG.OpenFb -->
