<?xml version="1.0" encoding="UTF-8"?>
<!-- Generated by org.testng.reporters.JUnitReportReporter -->
<testsuite hostname="Rajashri" failures="0" tests="2" name="testNgXMLformat.MethodStudy2" time="0.015" errors="0" timestamp="2023-06-22T15:34:07 IST" skipped="0">
  <testcase classname="testNgXMLformat.MethodStudy2" name="test6" time="0.012">
    <system-out>
      <![CDATA[test6 is runnig...]]>
    </system-out>
  </testcase> <!-- test6 -->
  <testcase classname="testNgXMLformat.MethodStudy2" name="test9" time="0.003">
    <system-out>
      <![CDATA[test9 is runnig...]]>
    </system-out>
  </testcase> <!-- test9 -->
  <system-out>
    <![CDATA[test6 is runnig...
test9 is runnig...
test1 is runnig...
test3 is runnig...]]>
  </system-out>
</testsuite> <!-- testNgXMLformat.MethodStudy2 -->
