<?xml version="1.0" encoding="UTF-8"?>
<!-- Generated by org.testng.reporters.JUnitReportReporter -->
<testsuite hostname="Rajashri" failures="0" tests="1" name="TestNG.NewTest" time="8.436" errors="0" timestamp="2023-06-17T12:22:38 IST" skipped="0">
  <testcase classname="TestNG.NewTest" name="f" time="8.436"/>
</testsuite> <!-- TestNG.NewTest -->
