<?xml version="1.0" encoding="UTF-8"?>
<!-- Generated by org.testng.reporters.JUnitReportReporter -->
<testsuite hostname="Rajashri" failures="0" tests="4" name="testNgXMLformat.Testing1" time="0.007" errors="0" timestamp="2023-06-20T16:45:33 IST" skipped="0">
  <testcase classname="testNgXMLformat.Testing1" name="a" time="0.001">
    <system-out>
      <![CDATA[a is runnig]]>
    </system-out>
  </testcase> <!-- a -->
  <testcase classname="testNgXMLformat.Testing1" name="b" time="0.002">
    <system-out>
      <![CDATA[b is runnig]]>
    </system-out>
  </testcase> <!-- b -->
  <testcase classname="testNgXMLformat.Testing1" name="d" time="0.002">
    <system-out>
      <![CDATA[d is runnig]]>
    </system-out>
  </testcase> <!-- d -->
  <testcase classname="testNgXMLformat.Testing1" name="c" time="0.002">
    <system-out>
      <![CDATA[c is runnig]]>
    </system-out>
  </testcase> <!-- c -->
  <system-out>
    <![CDATA[e is runnig
f is runnig
g is runnig
h is runnig
a is runnig
b is runnig
c is runnig
d is runnig]]>
  </system-out>
</testsuite> <!-- testNgXMLformat.Testing1 -->
