<?xml version="1.0" encoding="UTF-8"?>
<!-- Generated by org.testng.reporters.JUnitReportReporter -->
<testsuite hostname="Rajashri" failures="0" tests="5" name="testNgAnnotations.PrirotyUse" time="0.016" errors="0" timestamp="2023-06-17T13:46:05 IST" skipped="0">
  <testcase classname="testNgAnnotations.PrirotyUse" name="a" time="0.008">
    <system-out>
      <![CDATA[Method a is running]]>
    </system-out>
  </testcase> <!-- a -->
  <testcase classname="testNgAnnotations.PrirotyUse" name="c" time="0.002">
    <system-out>
      <![CDATA[Method c is running]]>
    </system-out>
  </testcase> <!-- c -->
  <testcase classname="testNgAnnotations.PrirotyUse" name="b" time="0.002">
    <system-out>
      <![CDATA[Method b is running]]>
    </system-out>
  </testcase> <!-- b -->
  <testcase classname="testNgAnnotations.PrirotyUse" name="e" time="0.002">
    <system-out>
      <![CDATA[Method e is running]]>
    </system-out>
  </testcase> <!-- e -->
  <testcase classname="testNgAnnotations.PrirotyUse" name="d" time="0.002">
    <system-out>
      <![CDATA[Method d is running]]>
    </system-out>
  </testcase> <!-- d -->
  <system-out>
    <![CDATA[Method a is running
Method c is running
Method b is running
Method e is running
Method d is running]]>
  </system-out>
</testsuite> <!-- testNgAnnotations.PrirotyUse -->
