<?xml version="1.0" encoding="UTF-8"?>
<!-- Generated by org.testng.reporters.JUnitReportReporter -->
<testsuite hostname="Rajashri" failures="0" tests="1" name="varificationUsingtestNG.ValidateUrl" time="4.437" errors="0" timestamp="2023-06-24T17:48:20 IST" skipped="0">
  <testcase classname="varificationUsingtestNG.ValidateUrl" name="validateUrl" time="4.437">
    <system-out>
      <![CDATA[Actual and Expected url are not matching TC is failed]]>
    </system-out>
  </testcase> <!-- validateUrl -->
  <system-out>
    <![CDATA[Actual and Expected url are not matching TC is failed]]>
  </system-out>
</testsuite> <!-- varificationUsingtestNG.ValidateUrl -->
